Running Gradle task 'assembleRelease'...                        
e: file:///Users/youh4ck3dme/projekty-pwa/BizAgent/BizAgent-main/android/app/build.gradle.kts:76:2: Expecting '}'

FAILURE: Build failed with an exception.

* Where:
Build file '/Users/youh4ck3dme/projekty-pwa/BizAgent/BizAgent-main/android/app/build.gradle.kts' line: 27

* What went wrong:
Script compilation errors:

  Line 27:         jvmTarget = JavaVersion.VERSION_17.toString()
                   ^ 'jvmTarget: String' is deprecated. Please migrate to the compilerOptions DSL. More details are here: https://kotl.in/u1r8ln

  Line 76: }
            ^ Expecting '}'

2 errors

* Try:
> Run with --stacktrace option to get the stack trace.
> Run with --info or --debug option to get more log output.
> Run with --scan to get full insights.
> Get more help at https://help.gradle.org.

BUILD FAILED in 1s
Running Gradle task 'assembleRelease'...                         1Â 906ms
Gradle task assembleRelease failed with exit code 1
