Running Gradle task 'assembleRelease'...                        
lib/features/tax/providers/tax_estimation_service.dart:96:36: Error: Final variable 'vatLiability' must be assigned before it can be used.
            estimatedVatLiability: vatLiability,
                                   ^^^^^^^^^^^^
Target kernel_snapshot_program failed: Exception


FAILURE: Build failed with an exception.

* What went wrong:
Execution failed for task ':app:compileFlutterBuildRelease'.
> Process 'command '/Users/youh4ck3dme/flutter/bin/flutter'' finished with non-zero exit value 1

* Try:
> Run with --stacktrace option to get the stack trace.
> Run with --info or --debug option to get more log output.
> Run with --scan to get full insights.
> Get more help at https://help.gradle.org.

BUILD FAILED in 2m 57s
Running Gradle task 'assembleRelease'...                          178,5s
Gradle task assembleRelease failed with exit code 1
