Running Gradle task 'bundleRelease'...                          
ERROR: Missing classes detected while running R8. Please add the missing classes or apply additional keep rules that are generated in /Users/youh4ck3dme/projekty-pwa/BizAgent/BizAgent-main/build/app/outputs/mapping/release/missing_rules.txt.
ERROR: R8: Missing class com.google.mlkit.vision.text.chinese.ChineseTextRecognizerOptions$Builder (referenced from: com.google.mlkit.vision.text.TextRecognizer com.google_mlkit_text_recognition.TextRecognizer.initialize(io.flutter.plugin.common.MethodCall))
Missing class com.google.mlkit.vision.text.chinese.ChineseTextRecognizerOptions (referenced from: com.google.mlkit.vision.text.TextRecognizer com.google_mlkit_text_recognition.TextRecognizer.initialize(io.flutter.plugin.common.MethodCall))
Missing class com.google.mlkit.vision.text.devanagari.DevanagariTextRecognizerOptions$Builder (referenced from: com.google.mlkit.vision.text.TextRecognizer com.google_mlkit_text_recognition.TextRecognizer.initialize(io.flutter.plugin.common.MethodCall))
Missing class com.google.mlkit.vision.text.devanagari.DevanagariTextRecognizerOptions (referenced from: com.google.mlkit.vision.text.TextRecognizer com.google_mlkit_text_recognition.TextRecognizer.initialize(io.flutter.plugin.common.MethodCall))
Missing class com.google.mlkit.vision.text.japanese.JapaneseTextRecognizerOptions$Builder (referenced from: com.google.mlkit.vision.text.TextRecognizer com.google_mlkit_text_recognition.TextRecognizer.initialize(io.flutter.plugin.common.MethodCall))
Missing class com.google.mlkit.vision.text.japanese.JapaneseTextRecognizerOptions (referenced from: com.google.mlkit.vision.text.TextRecognizer com.google_mlkit_text_recognition.TextRecognizer.initialize(io.flutter.plugin.common.MethodCall))
Missing class com.google.mlkit.vision.text.korean.KoreanTextRecognizerOptions$Builder (referenced from: com.google.mlkit.vision.text.TextRecognizer com.google_mlkit_text_recognition.TextRecognizer.initialize(io.flutter.plugin.common.MethodCall))
Missing class com.google.mlkit.vision.text.korean.KoreanTextRecognizerOptions (referenced from: com.google.mlkit.vision.text.TextRecognizer com.google_mlkit_text_recognition.TextRecognizer.initialize(io.flutter.plugin.common.MethodCall))

FAILURE: Build failed with an exception.

* What went wrong:
Execution failed for task ':app:minifyReleaseWithR8'.
> A failure occurred while executing com.android.build.gradle.internal.tasks.R8Task$R8Runnable
   > Compilation failed to complete

* Try:
> Run with --stacktrace option to get the stack trace.
> Run with --info or --debug option to get more log output.
> Run with --scan to get full insights.
> Get more help at https://help.gradle.org.

BUILD FAILED in 29s
Running Gradle task 'bundleRelease'...                             30,0s
Gradle task bundleRelease failed with exit code 1
